<?xml version="1.0" encoding="UTF-8"?>
<testng-results ignored="0" total="1" passed="1" failed="0" skipped="0">
  <reporter-output>
  </reporter-output>
  <suite started-at="2024-04-20T22:16:47 IST" name="Default suite" finished-at="2024-04-20T22:16:59 IST" duration-ms="11950">
    <groups>
    </groups>
    <test started-at="2024-04-20T22:16:47 IST" name="Default test" finished-at="2024-04-20T22:16:59 IST" duration-ms="11950">
      <class name="test.RegistrationTest">
        <test-method is-config="true" signature="setUp()[pri:0, instance:test.RegistrationTest@65c7a252]" started-at="2024-04-20T22:16:47 IST" name="setUp" finished-at="2024-04-20T22:16:53 IST" duration-ms="6393" status="PASS">
          <reporter-output>
          </reporter-output>
        </test-method> <!-- setUp -->
        <test-method signature="test(java.lang.String,java.lang.String,java.lang.String,java.lang.String,java.lang.String)[pri:0, instance:test.RegistrationTest@65c7a252]" started-at="2024-04-20T22:16:53 IST" name="test" data-provider="getRegTestData" finished-at="2024-04-20T22:16:54 IST" duration-ms="245" status="PASS">
          <params>
            <param index="0">
              <value>
                <![CDATA[Ramanathan]]>
              </value>
            </param>
            <param index="1">
              <value>
                <![CDATA[J]]>
              </value>
            </param>
            <param index="2">
              <value>
                <![CDATA[rama@gmail.com]]>
              </value>
            </param>
            <param index="3">
              <value>
                <![CDATA[9934231675]]>
              </value>
            </param>
            <param index="4">
              <value>
                <![CDATA[Password@123]]>
              </value>
            </param>
          </params>
          <reporter-output>
          </reporter-output>
        </test-method> <!-- test -->
        <test-method is-config="true" signature="tearDown()[pri:0, instance:test.RegistrationTest@65c7a252]" started-at="2024-04-20T22:16:54 IST" name="tearDown" finished-at="2024-04-20T22:16:59 IST" duration-ms="5102" status="PASS">
          <reporter-output>
          </reporter-output>
        </test-method> <!-- tearDown -->
      </class> <!-- test.RegistrationTest -->
    </test> <!-- Default test -->
  </suite> <!-- Default suite -->
</testng-results>
